<?xml version="1.0" encoding="UTF-8"?>
<!-- Generated by org.testng.reporters.JUnitXMLReporter -->
<testsuite hostname="Rohit_Sharma_Laptop" ignored="0" name="Default test" tests="3" failures="0" timestamp="30 Oct 2019 15:35:59 GMT" time="72.822" errors="0">
  <testcase name="t001_verifyUserIsOnHomePage" time="0.049" classname="com.qa.testcases.AmazonMainPageTest"/>
  <testcase name="t002_searchProduct" time="4.945" classname="com.qa.testcases.AmazonMainPageTest"/>
  <testcase name="t003_addProductToCart" time="56.531" classname="com.qa.testcases.AmazonMainPageTest"/>
</testsuite> <!-- Default test -->
