<?xml version="1.0" encoding="UTF-8"?>
<!-- Generated by org.testng.reporters.JUnitXMLReporter -->
<testsuite hostname="Rohit_Sharma_Laptop" ignored="0" name="Testing" tests="3" failures="0" timestamp="30 Oct 2019 17:11:08 GMT" time="104.006" errors="0">
  <testcase name="t001_verifyUserIsOnHomePage" time="0.011" classname="com.qa.testcases.AmazonAddToCartTest"/>
  <testcase name="t002_searchProduct" time="11.703" classname="com.qa.testcases.AmazonAddToCartTest"/>
  <testcase name="t003_addProductToCart" time="73.468" classname="com.qa.testcases.AmazonAddToCartTest"/>
</testsuite> <!-- Testing -->
