<?xml version="1.0" encoding="UTF-8"?>
<testsuite xmlns:xsi="http://www.w3.org/2001/XMLSchema-instance" xsi:schemaLocation="https://maven.apache.org/surefire/maven-surefire-plugin/xsd/surefire-test-report.xsd" name="TestSuite" time="104.936" tests="3" errors="0" skipped="0" failures="0">
  <properties>
[...]
</properties>
  <testcase name="t001_verifyUserIsOnHomePage" classname="com.qa.testcases.AmazonAddToCartTest" time="0.012"/>
  <testcase name="t002_searchProduct" classname="com.qa.testcases.AmazonAddToCartTest" time="11.703"/>
  <testcase name="t003_addProductToCart" classname="com.qa.testcases.AmazonAddToCartTest" time="73.468"/>
</testsuite>